---------------------------------------------------------------------------------
|  run     |  epoch  |  train_acc  |  val_acc  |  tta_val_acc  |  time_seconds  |
---------------------------------------------------------------------------------
|  warmup  |   eval  |     0.1039  |   0.1022  |       0.1018  |       61.7212  |
---------------------------------------------------------------------------------
|       1  |   eval  |     0.9889  |   0.9331  |       0.9409  |        2.0521  |
---------------------------------------------------------------------------------
|       2  |   eval  |     0.9885  |   0.9293  |       0.9404  |        2.0521  |
---------------------------------------------------------------------------------
|       3  |   eval  |     0.9889  |   0.9323  |       0.9375  |        2.0520  |
---------------------------------------------------------------------------------
|       4  |   eval  |     0.9892  |   0.9311  |       0.9391  |        2.0521  |
---------------------------------------------------------------------------------
|       5  |   eval  |     0.9892  |   0.9327  |       0.9392  |        2.0517  |
---------------------------------------------------------------------------------
|       6  |   eval  |     0.9895  |   0.9348  |       0.9431  |        2.0522  |
---------------------------------------------------------------------------------
|       7  |   eval  |     0.9888  |   0.9326  |       0.9404  |        2.0524  |
---------------------------------------------------------------------------------
|       8  |   eval  |     0.9894  |   0.9335  |       0.9404  |        2.0519  |
---------------------------------------------------------------------------------
|       9  |   eval  |     0.9882  |   0.9309  |       0.9404  |        2.0524  |
---------------------------------------------------------------------------------
|      10  |   eval  |     0.9886  |   0.9319  |       0.9408  |        2.0523  |
---------------------------------------------------------------------------------
|      11  |   eval  |     0.9890  |   0.9333  |       0.9393  |        2.0516  |
---------------------------------------------------------------------------------
|      12  |   eval  |     0.9890  |   0.9325  |       0.9397  |        2.0519  |
---------------------------------------------------------------------------------
|      13  |   eval  |     0.9889  |   0.9316  |       0.9405  |        2.0518  |
---------------------------------------------------------------------------------
|      14  |   eval  |     0.9893  |   0.9321  |       0.9420  |        2.0518  |
---------------------------------------------------------------------------------
|      15  |   eval  |     0.9886  |   0.9299  |       0.9416  |        2.0518  |
---------------------------------------------------------------------------------
|      16  |   eval  |     0.9885  |   0.9285  |       0.9394  |        2.0521  |
---------------------------------------------------------------------------------
|      17  |   eval  |     0.9883  |   0.9312  |       0.9413  |        2.0517  |
---------------------------------------------------------------------------------
|      18  |   eval  |     0.9895  |   0.9340  |       0.9387  |        2.0521  |
---------------------------------------------------------------------------------
|      19  |   eval  |     0.9890  |   0.9293  |       0.9394  |        2.0519  |
---------------------------------------------------------------------------------
|      20  |   eval  |     0.9890  |   0.9307  |       0.9381  |        2.0520  |
---------------------------------------------------------------------------------
|      21  |   eval  |     0.9886  |   0.9332  |       0.9401  |        2.0518  |
---------------------------------------------------------------------------------
|      22  |   eval  |     0.9882  |   0.9321  |       0.9423  |        2.0515  |
---------------------------------------------------------------------------------
|      23  |   eval  |     0.9893  |   0.9336  |       0.9413  |        2.0519  |
---------------------------------------------------------------------------------
|      24  |   eval  |     0.9895  |   0.9321  |       0.9396  |        2.0519  |
---------------------------------------------------------------------------------
|      25  |   eval  |     0.9889  |   0.9290  |       0.9369  |        2.0518  |
---------------------------------------------------------------------------------
|      26  |   eval  |     0.9884  |   0.9311  |       0.9404  |        2.0518  |
---------------------------------------------------------------------------------
|      27  |   eval  |     0.9889  |   0.9322  |       0.9400  |        2.0515  |
---------------------------------------------------------------------------------
|      28  |   eval  |     0.9891  |   0.9336  |       0.9420  |        2.0520  |
---------------------------------------------------------------------------------
|      29  |   eval  |     0.9887  |   0.9310  |       0.9427  |        2.0514  |
---------------------------------------------------------------------------------
|      30  |   eval  |     0.9891  |   0.9310  |       0.9399  |        2.0515  |
---------------------------------------------------------------------------------
|      31  |   eval  |     0.9883  |   0.9320  |       0.9402  |        2.0516  |
---------------------------------------------------------------------------------
|      32  |   eval  |     0.9888  |   0.9316  |       0.9410  |        2.0514  |
---------------------------------------------------------------------------------
|      33  |   eval  |     0.9890  |   0.9319  |       0.9398  |        2.0515  |
---------------------------------------------------------------------------------
|      34  |   eval  |     0.9896  |   0.9304  |       0.9393  |        2.0513  |
---------------------------------------------------------------------------------
|      35  |   eval  |     0.9887  |   0.9325  |       0.9399  |        2.0517  |
---------------------------------------------------------------------------------
|      36  |   eval  |     0.9887  |   0.9350  |       0.9414  |        2.0516  |
---------------------------------------------------------------------------------
|      37  |   eval  |     0.9888  |   0.9312  |       0.9399  |        2.0524  |
---------------------------------------------------------------------------------
|      38  |   eval  |     0.9886  |   0.9340  |       0.9404  |        2.0516  |
---------------------------------------------------------------------------------
|      39  |   eval  |     0.9894  |   0.9341  |       0.9399  |        2.0517  |
---------------------------------------------------------------------------------
|      40  |   eval  |     0.9882  |   0.9319  |       0.9401  |        2.0514  |
---------------------------------------------------------------------------------
|      41  |   eval  |     0.9895  |   0.9320  |       0.9410  |        2.0514  |
---------------------------------------------------------------------------------
|      42  |   eval  |     0.9890  |   0.9335  |       0.9410  |        2.0514  |
---------------------------------------------------------------------------------
|      43  |   eval  |     0.9889  |   0.9306  |       0.9427  |        2.0516  |
---------------------------------------------------------------------------------
|      44  |   eval  |     0.9883  |   0.9323  |       0.9405  |        2.0517  |
---------------------------------------------------------------------------------
|      45  |   eval  |     0.9889  |   0.9302  |       0.9412  |        2.0516  |
---------------------------------------------------------------------------------
|      46  |   eval  |     0.9895  |   0.9321  |       0.9393  |        2.0521  |
---------------------------------------------------------------------------------
|      47  |   eval  |     0.9894  |   0.9291  |       0.9379  |        2.0516  |
---------------------------------------------------------------------------------
|      48  |   eval  |     0.9892  |   0.9313  |       0.9393  |        2.0516  |
---------------------------------------------------------------------------------
|      49  |   eval  |     0.9888  |   0.9337  |       0.9408  |        2.0516  |
---------------------------------------------------------------------------------
|      50  |   eval  |     0.9901  |   0.9310  |       0.9397  |        2.0515  |
---------------------------------------------------------------------------------
|      51  |   eval  |     0.9891  |   0.9331  |       0.9402  |        2.0520  |
---------------------------------------------------------------------------------
|      52  |   eval  |     0.9899  |   0.9325  |       0.9409  |        2.0515  |
---------------------------------------------------------------------------------
|      53  |   eval  |     0.9897  |   0.9330  |       0.9408  |        2.0516  |
---------------------------------------------------------------------------------
|      54  |   eval  |     0.9888  |   0.9301  |       0.9403  |        2.0517  |
---------------------------------------------------------------------------------
|      55  |   eval  |     0.9889  |   0.9339  |       0.9410  |        2.0518  |
---------------------------------------------------------------------------------
|      56  |   eval  |     0.9894  |   0.9322  |       0.9391  |        2.0519  |
---------------------------------------------------------------------------------
|      57  |   eval  |     0.9893  |   0.9296  |       0.9377  |        2.0518  |
---------------------------------------------------------------------------------
|      58  |   eval  |     0.9889  |   0.9302  |       0.9406  |        2.0513  |
---------------------------------------------------------------------------------
|      59  |   eval  |     0.9894  |   0.9320  |       0.9407  |        2.0515  |
---------------------------------------------------------------------------------
|      60  |   eval  |     0.9888  |   0.9318  |       0.9397  |        2.0515  |
---------------------------------------------------------------------------------
|      61  |   eval  |     0.9892  |   0.9302  |       0.9398  |        2.0514  |
---------------------------------------------------------------------------------
|      62  |   eval  |     0.9886  |   0.9295  |       0.9407  |        2.0517  |
---------------------------------------------------------------------------------
|      63  |   eval  |     0.9899  |   0.9325  |       0.9394  |        2.0516  |
---------------------------------------------------------------------------------
|      64  |   eval  |     0.9895  |   0.9289  |       0.9395  |        2.0517  |
---------------------------------------------------------------------------------
|      65  |   eval  |     0.9883  |   0.9293  |       0.9395  |        2.0525  |
---------------------------------------------------------------------------------
|      66  |   eval  |     0.9890  |   0.9318  |       0.9410  |        2.0514  |
---------------------------------------------------------------------------------
|      67  |   eval  |     0.9896  |   0.9305  |       0.9394  |        2.0517  |
---------------------------------------------------------------------------------
|      68  |   eval  |     0.9888  |   0.9299  |       0.9406  |        2.0516  |
---------------------------------------------------------------------------------
|      69  |   eval  |     0.9894  |   0.9324  |       0.9405  |        2.0517  |
---------------------------------------------------------------------------------
|      70  |   eval  |     0.9888  |   0.9302  |       0.9392  |        2.0516  |
---------------------------------------------------------------------------------
|      71  |   eval  |     0.9884  |   0.9326  |       0.9397  |        2.0517  |
---------------------------------------------------------------------------------
|      72  |   eval  |     0.9891  |   0.9342  |       0.9441  |        2.0516  |
---------------------------------------------------------------------------------
|      73  |   eval  |     0.9889  |   0.9339  |       0.9409  |        2.0517  |
---------------------------------------------------------------------------------
|      74  |   eval  |     0.9895  |   0.9327  |       0.9403  |        2.0515  |
---------------------------------------------------------------------------------
|      75  |   eval  |     0.9890  |   0.9314  |       0.9406  |        2.0523  |
---------------------------------------------------------------------------------
|      76  |   eval  |     0.9887  |   0.9307  |       0.9403  |        2.0515  |
---------------------------------------------------------------------------------
|      77  |   eval  |     0.9889  |   0.9315  |       0.9386  |        2.0517  |
---------------------------------------------------------------------------------
|      78  |   eval  |     0.9888  |   0.9314  |       0.9402  |        2.0518  |
---------------------------------------------------------------------------------
|      79  |   eval  |     0.9890  |   0.9304  |       0.9412  |        2.0514  |
---------------------------------------------------------------------------------
|      80  |   eval  |     0.9886  |   0.9315  |       0.9397  |        2.0513  |
---------------------------------------------------------------------------------
|      81  |   eval  |     0.9876  |   0.9322  |       0.9393  |        2.0514  |
---------------------------------------------------------------------------------
|      82  |   eval  |     0.9891  |   0.9300  |       0.9393  |        2.0514  |
---------------------------------------------------------------------------------
|      83  |   eval  |     0.9890  |   0.9304  |       0.9382  |        2.0513  |
---------------------------------------------------------------------------------
|      84  |   eval  |     0.9885  |   0.9339  |       0.9375  |        2.0525  |
---------------------------------------------------------------------------------
|      85  |   eval  |     0.9894  |   0.9285  |       0.9403  |        2.0514  |
---------------------------------------------------------------------------------
|      86  |   eval  |     0.9892  |   0.9357  |       0.9429  |        2.0512  |
---------------------------------------------------------------------------------
|      87  |   eval  |     0.9884  |   0.9327  |       0.9403  |        2.0516  |
---------------------------------------------------------------------------------
|      88  |   eval  |     0.9881  |   0.9314  |       0.9399  |        2.0514  |
---------------------------------------------------------------------------------
|      89  |   eval  |     0.9891  |   0.9332  |       0.9416  |        2.0520  |
---------------------------------------------------------------------------------
|      90  |   eval  |     0.9890  |   0.9336  |       0.9417  |        2.0516  |
---------------------------------------------------------------------------------
|      91  |   eval  |     0.9891  |   0.9340  |       0.9390  |        2.0518  |
---------------------------------------------------------------------------------
|      92  |   eval  |     0.9892  |   0.9321  |       0.9394  |        2.0516  |
---------------------------------------------------------------------------------
|      93  |   eval  |     0.9892  |   0.9334  |       0.9393  |        2.0521  |
---------------------------------------------------------------------------------
|      94  |   eval  |     0.9887  |   0.9334  |       0.9394  |        2.0519  |
---------------------------------------------------------------------------------
|      95  |   eval  |     0.9894  |   0.9283  |       0.9388  |        2.0514  |
---------------------------------------------------------------------------------
|      96  |   eval  |     0.9888  |   0.9317  |       0.9421  |        2.0516  |
---------------------------------------------------------------------------------
|      97  |   eval  |     0.9889  |   0.9339  |       0.9407  |        2.0517  |
---------------------------------------------------------------------------------
|      98  |   eval  |     0.9892  |   0.9318  |       0.9384  |        2.0515  |
---------------------------------------------------------------------------------
|      99  |   eval  |     0.9898  |   0.9299  |       0.9407  |        2.0518  |
---------------------------------------------------------------------------------
|     100  |   eval  |     0.9895  |   0.9301  |       0.9387  |        2.0515  |
---------------------------------------------------------------------------------
|     101  |   eval  |     0.9883  |   0.9310  |       0.9390  |        2.0515  |
---------------------------------------------------------------------------------
|     102  |   eval  |     0.9885  |   0.9329  |       0.9421  |        2.0516  |
---------------------------------------------------------------------------------
|     103  |   eval  |     0.9892  |   0.9332  |       0.9390  |        2.0521  |
---------------------------------------------------------------------------------
|     104  |   eval  |     0.9886  |   0.9297  |       0.9395  |        2.0513  |
---------------------------------------------------------------------------------
|     105  |   eval  |     0.9889  |   0.9308  |       0.9397  |        2.0515  |
---------------------------------------------------------------------------------
|     106  |   eval  |     0.9890  |   0.9297  |       0.9388  |        2.0514  |
---------------------------------------------------------------------------------
|     107  |   eval  |     0.9896  |   0.9318  |       0.9403  |        2.0514  |
---------------------------------------------------------------------------------
|     108  |   eval  |     0.9898  |   0.9303  |       0.9384  |        2.0515  |
---------------------------------------------------------------------------------
|     109  |   eval  |     0.9884  |   0.9296  |       0.9408  |        2.0514  |
---------------------------------------------------------------------------------
|     110  |   eval  |     0.9901  |   0.9329  |       0.9396  |        2.0513  |
---------------------------------------------------------------------------------
|     111  |   eval  |     0.9887  |   0.9322  |       0.9391  |        2.0515  |
---------------------------------------------------------------------------------
|     112  |   eval  |     0.9892  |   0.9291  |       0.9380  |        2.0524  |
---------------------------------------------------------------------------------
|     113  |   eval  |     0.9890  |   0.9330  |       0.9402  |        2.0515  |
---------------------------------------------------------------------------------
|     114  |   eval  |     0.9886  |   0.9315  |       0.9409  |        2.0519  |
---------------------------------------------------------------------------------
|     115  |   eval  |     0.9894  |   0.9300  |       0.9411  |        2.0514  |
---------------------------------------------------------------------------------
|     116  |   eval  |     0.9893  |   0.9331  |       0.9408  |        2.0516  |
---------------------------------------------------------------------------------
|     117  |   eval  |     0.9890  |   0.9317  |       0.9407  |        2.0515  |
---------------------------------------------------------------------------------
|     118  |   eval  |     0.9893  |   0.9311  |       0.9395  |        2.0512  |
---------------------------------------------------------------------------------
|     119  |   eval  |     0.9899  |   0.9322  |       0.9402  |        2.0515  |
---------------------------------------------------------------------------------
|     120  |   eval  |     0.9889  |   0.9306  |       0.9378  |        2.0517  |
---------------------------------------------------------------------------------
|     121  |   eval  |     0.9897  |   0.9324  |       0.9415  |        2.0517  |
---------------------------------------------------------------------------------
|     122  |   eval  |     0.9884  |   0.9322  |       0.9399  |        2.0517  |
---------------------------------------------------------------------------------
|     123  |   eval  |     0.9898  |   0.9283  |       0.9410  |        2.0514  |
---------------------------------------------------------------------------------
|     124  |   eval  |     0.9888  |   0.9304  |       0.9403  |        2.0513  |
---------------------------------------------------------------------------------
|     125  |   eval  |     0.9893  |   0.9320  |       0.9391  |        2.0515  |
---------------------------------------------------------------------------------
|     126  |   eval  |     0.9887  |   0.9292  |       0.9411  |        2.0515  |
---------------------------------------------------------------------------------
|     127  |   eval  |     0.9890  |   0.9343  |       0.9403  |        2.0516  |
---------------------------------------------------------------------------------
|     128  |   eval  |     0.9896  |   0.9314  |       0.9396  |        2.0517  |
---------------------------------------------------------------------------------
|     129  |   eval  |     0.9887  |   0.9347  |       0.9385  |        2.0515  |
---------------------------------------------------------------------------------
|     130  |   eval  |     0.9898  |   0.9319  |       0.9385  |        2.0514  |
---------------------------------------------------------------------------------
|     131  |   eval  |     0.9892  |   0.9314  |       0.9388  |        2.0523  |
---------------------------------------------------------------------------------
|     132  |   eval  |     0.9890  |   0.9334  |       0.9406  |        2.0519  |
---------------------------------------------------------------------------------
|     133  |   eval  |     0.9894  |   0.9332  |       0.9394  |        2.0515  |
---------------------------------------------------------------------------------
|     134  |   eval  |     0.9892  |   0.9322  |       0.9405  |        2.0517  |
---------------------------------------------------------------------------------
|     135  |   eval  |     0.9887  |   0.9313  |       0.9425  |        2.0517  |
---------------------------------------------------------------------------------
|     136  |   eval  |     0.9888  |   0.9330  |       0.9397  |        2.0513  |
---------------------------------------------------------------------------------
|     137  |   eval  |     0.9900  |   0.9313  |       0.9401  |        2.0515  |
---------------------------------------------------------------------------------
|     138  |   eval  |     0.9896  |   0.9337  |       0.9416  |        2.0516  |
---------------------------------------------------------------------------------
|     139  |   eval  |     0.9891  |   0.9309  |       0.9386  |        2.0514  |
---------------------------------------------------------------------------------
|     140  |   eval  |     0.9892  |   0.9320  |       0.9402  |        2.0524  |
---------------------------------------------------------------------------------
|     141  |   eval  |     0.9892  |   0.9301  |       0.9404  |        2.0514  |
---------------------------------------------------------------------------------
|     142  |   eval  |     0.9893  |   0.9318  |       0.9413  |        2.0516  |
---------------------------------------------------------------------------------
|     143  |   eval  |     0.9897  |   0.9333  |       0.9412  |        2.0511  |
---------------------------------------------------------------------------------
|     144  |   eval  |     0.9892  |   0.9296  |       0.9374  |        2.0514  |
---------------------------------------------------------------------------------
|     145  |   eval  |     0.9892  |   0.9290  |       0.9396  |        2.0516  |
---------------------------------------------------------------------------------
|     146  |   eval  |     0.9901  |   0.9327  |       0.9417  |        2.0515  |
---------------------------------------------------------------------------------
|     147  |   eval  |     0.9896  |   0.9321  |       0.9418  |        2.0513  |
---------------------------------------------------------------------------------
|     148  |   eval  |     0.9888  |   0.9314  |       0.9394  |        2.0512  |
---------------------------------------------------------------------------------
|     149  |   eval  |     0.9887  |   0.9330  |       0.9417  |        2.0517  |
---------------------------------------------------------------------------------
|     150  |   eval  |     0.9893  |   0.9322  |       0.9401  |        2.0514  |
---------------------------------------------------------------------------------
|     151  |   eval  |     0.9888  |   0.9288  |       0.9413  |        2.0511  |
---------------------------------------------------------------------------------
|     152  |   eval  |     0.9887  |   0.9327  |       0.9401  |        2.0515  |
---------------------------------------------------------------------------------
|     153  |   eval  |     0.9887  |   0.9321  |       0.9400  |        2.0515  |
---------------------------------------------------------------------------------
|     154  |   eval  |     0.9886  |   0.9327  |       0.9412  |        2.0513  |
---------------------------------------------------------------------------------
|     155  |   eval  |     0.9886  |   0.9308  |       0.9387  |        2.0515  |
---------------------------------------------------------------------------------
|     156  |   eval  |     0.9888  |   0.9307  |       0.9372  |        2.0517  |
---------------------------------------------------------------------------------
|     157  |   eval  |     0.9895  |   0.9348  |       0.9414  |        2.0514  |
---------------------------------------------------------------------------------
|     158  |   eval  |     0.9895  |   0.9319  |       0.9395  |        2.0513  |
---------------------------------------------------------------------------------
|     159  |   eval  |     0.9889  |   0.9325  |       0.9395  |        2.0525  |
---------------------------------------------------------------------------------
|     160  |   eval  |     0.9887  |   0.9302  |       0.9389  |        2.0513  |
---------------------------------------------------------------------------------
|     161  |   eval  |     0.9892  |   0.9302  |       0.9387  |        2.0515  |
---------------------------------------------------------------------------------
|     162  |   eval  |     0.9888  |   0.9301  |       0.9390  |        2.0514  |
---------------------------------------------------------------------------------
|     163  |   eval  |     0.9891  |   0.9295  |       0.9388  |        2.0516  |
---------------------------------------------------------------------------------
|     164  |   eval  |     0.9893  |   0.9317  |       0.9396  |        2.0518  |
---------------------------------------------------------------------------------
|     165  |   eval  |     0.9885  |   0.9295  |       0.9393  |        2.0515  |
---------------------------------------------------------------------------------
|     166  |   eval  |     0.9890  |   0.9353  |       0.9415  |        2.0514  |
---------------------------------------------------------------------------------
|     167  |   eval  |     0.9890  |   0.9315  |       0.9387  |        2.0516  |
---------------------------------------------------------------------------------
|     168  |   eval  |     0.9890  |   0.9292  |       0.9395  |        2.0521  |
---------------------------------------------------------------------------------
|     169  |   eval  |     0.9890  |   0.9357  |       0.9409  |        2.0518  |
---------------------------------------------------------------------------------
|     170  |   eval  |     0.9893  |   0.9315  |       0.9383  |        2.0517  |
---------------------------------------------------------------------------------
|     171  |   eval  |     0.9885  |   0.9321  |       0.9411  |        2.0517  |
---------------------------------------------------------------------------------
|     172  |   eval  |     0.9892  |   0.9313  |       0.9402  |        2.0515  |
---------------------------------------------------------------------------------
|     173  |   eval  |     0.9893  |   0.9332  |       0.9431  |        2.0514  |
---------------------------------------------------------------------------------
|     174  |   eval  |     0.9893  |   0.9343  |       0.9427  |        2.0513  |
---------------------------------------------------------------------------------
|     175  |   eval  |     0.9890  |   0.9331  |       0.9411  |        2.0514  |
---------------------------------------------------------------------------------
|     176  |   eval  |     0.9894  |   0.9318  |       0.9400  |        2.0514  |
---------------------------------------------------------------------------------
|     177  |   eval  |     0.9887  |   0.9307  |       0.9400  |        2.0542  |
---------------------------------------------------------------------------------
|     178  |   eval  |     0.9898  |   0.9304  |       0.9401  |        2.0516  |
---------------------------------------------------------------------------------
|     179  |   eval  |     0.9889  |   0.9337  |       0.9406  |        2.0515  |
---------------------------------------------------------------------------------
|     180  |   eval  |     0.9896  |   0.9344  |       0.9414  |        2.0513  |
---------------------------------------------------------------------------------
|     181  |   eval  |     0.9888  |   0.9343  |       0.9422  |        2.0515  |
---------------------------------------------------------------------------------
|     182  |   eval  |     0.9884  |   0.9311  |       0.9389  |        2.0517  |
---------------------------------------------------------------------------------
|     183  |   eval  |     0.9897  |   0.9308  |       0.9385  |        2.0514  |
---------------------------------------------------------------------------------
|     184  |   eval  |     0.9885  |   0.9332  |       0.9417  |        2.0514  |
---------------------------------------------------------------------------------
|     185  |   eval  |     0.9897  |   0.9293  |       0.9389  |        2.0515  |
---------------------------------------------------------------------------------
|     186  |   eval  |     0.9887  |   0.9312  |       0.9395  |        2.0514  |
---------------------------------------------------------------------------------
|     187  |   eval  |     0.9892  |   0.9334  |       0.9414  |        2.0518  |
---------------------------------------------------------------------------------
|     188  |   eval  |     0.9885  |   0.9320  |       0.9410  |        2.0516  |
---------------------------------------------------------------------------------
|     189  |   eval  |     0.9888  |   0.9297  |       0.9392  |        2.0512  |
---------------------------------------------------------------------------------
|     190  |   eval  |     0.9889  |   0.9309  |       0.9384  |        2.0515  |
---------------------------------------------------------------------------------
|     191  |   eval  |     0.9894  |   0.9301  |       0.9399  |        2.0515  |
---------------------------------------------------------------------------------
|     192  |   eval  |     0.9889  |   0.9299  |       0.9391  |        2.0513  |
---------------------------------------------------------------------------------
|     193  |   eval  |     0.9883  |   0.9300  |       0.9376  |        2.0516  |
---------------------------------------------------------------------------------
|     194  |   eval  |     0.9894  |   0.9310  |       0.9385  |        2.0516  |
---------------------------------------------------------------------------------
|     195  |   eval  |     0.9894  |   0.9323  |       0.9412  |        2.0515  |
---------------------------------------------------------------------------------
|     196  |   eval  |     0.9889  |   0.9303  |       0.9405  |        2.0521  |
---------------------------------------------------------------------------------
|     197  |   eval  |     0.9890  |   0.9324  |       0.9402  |        2.0516  |
---------------------------------------------------------------------------------
|     198  |   eval  |     0.9895  |   0.9327  |       0.9394  |        2.0512  |
---------------------------------------------------------------------------------
|     199  |   eval  |     0.9896  |   0.9330  |       0.9386  |        2.0517  |
---------------------------------------------------------------------------------
|     200  |   eval  |     0.9892  |   0.9311  |       0.9393  |        2.0513  |
---------------------------------------------------------------------------------
Accuracies: Mean: 0.940073    Std: 0.001241
Times (s):  Mean: 2.051647    Std: 0.000337
